<?xml version="1.0" encoding="UTF-8"?>
<testsuite xmlns:xsi="http://www.w3.org/2001/XMLSchema-instance" xsi:noNamespaceSchemaLocation="https://maven.apache.org/surefire/maven-surefire-plugin/xsd/surefire-test-report-3.0.xsd" version="3.0" name="org.example.TriangleTest" time="0.425" tests="6" errors="0" skipped="0" failures="0">
  <properties>
[...]
</properties>
  <testcase name="testCheckingForZero" classname="org.example.TriangleTest" time="0.047">
    <system-out><![CDATA[20:22:48.272 [main] INFO org.example.TriangleTest - Тест testCheckingForZero запущен
20:22:48.287 [main] INFO org.example.TriangleTest - Тест testCheckingForZero завершен
]]></system-out>
  </testcase>
  <testcase name="testCheckingForTriangle" classname="org.example.TriangleTest" time="0">
    <system-out><![CDATA[20:22:48.303 [main] INFO org.example.TriangleTest - Тест testCheckingForTriangle запущен
20:22:48.303 [main] INFO org.example.TriangleTest - Тест testCheckingForTriangle завершен
]]></system-out>
  </testcase>
  <testcase name="testTriangleArea(int, int, int, double)[1]" classname="org.example.TriangleTest" time="0.038">
    <system-out><![CDATA[20:22:48.481 [main] INFO org.example.TriangleTest - Тест testTriangleArea запущен
20:22:48.481 [main] INFO org.example.TriangleTest - Тест testTriangleArea завершен
]]></system-out>
  </testcase>
  <testcase name="testTriangleArea(int, int, int, double)[2]" classname="org.example.TriangleTest" time="0">
    <system-out><![CDATA[20:22:48.497 [main] INFO org.example.TriangleTest - Тест testTriangleArea запущен
20:22:48.497 [main] INFO org.example.TriangleTest - Тест testTriangleArea завершен
]]></system-out>
  </testcase>
  <testcase name="testTriangleArea(int, int, int, double)[3]" classname="org.example.TriangleTest" time="0.015">
    <system-out><![CDATA[20:22:48.512 [main] INFO org.example.TriangleTest - Тест testTriangleArea запущен
20:22:48.512 [main] INFO org.example.TriangleTest - Тест testTriangleArea завершен
]]></system-out>
  </testcase>
  <testcase name="testCheckingForNegativeNumber" classname="org.example.TriangleTest" time="0">
    <system-out><![CDATA[20:22:48.512 [main] INFO org.example.TriangleTest - Тест testCheckingForNegativeNumber запущен
20:22:48.512 [main] INFO org.example.TriangleTest - Тест testCheckingForNegativeNumber завершен
]]></system-out>
  </testcase>
</testsuite>